<?xml version="1.0" encoding="UTF-8"?>
<!-- Generated by org.testng.reporters.JUnitXMLReporter -->
<testsuite ignored="0" hostname="LAPTOP-BD99UQ0K" failures="0" tests="8" name="Default test" time="12.634" errors="0" timestamp="2022-04-20T17:31:57 IST">
  <testcase classname="com.util.RestAssuredClass" name="DeeletedataRestMethod" time="3.738"/>
  <testcase classname="com.util.RestAssuredClass" name="PostmethodApiChaining" time="5.492"/>
  <testcase classname="com.util.RestAssuredClass" name="PutmethodRestMethod" time="1.731"/>
  <testcase classname="com.util.RestAssuredClass" name="SerializationMethod" time="0.601"/>
  <testcase classname="com.util.RestAssuredClass" name="SerializationMethod2" time="0.421"/>
  <testcase classname="com.util.RestAssuredClass" name="firstRestMethod" time="0.156"/>
  <testcase classname="com.util.RestAssuredClass" name="secondRestMethod" time="0.185"/>
  <testcase classname="com.util.RestAssuredClass" name="thridRestMethod" time="0.204"/>
</testsuite> <!-- Default test -->
