<?xml version="1.0" encoding="UTF-8"?>
<testng-results ignored="0" total="8" passed="8" failed="0" skipped="0">
  <reporter-output>
  </reporter-output>
  <suite started-at="2022-04-20T17:31:45 IST" name="Default suite" finished-at="2022-04-20T17:31:57 IST" duration-ms="12634">
    <groups>
    </groups>
    <test started-at="2022-04-20T17:31:45 IST" name="Default test" finished-at="2022-04-20T17:31:57 IST" duration-ms="12634">
      <class name="com.util.RestAssuredClass">
        <test-method signature="DeeletedataRestMethod()[pri:0, instance:com.util.RestAssuredClass@34f7cfd9]" started-at="2022-04-20T17:31:45 IST" name="DeeletedataRestMethod" finished-at="2022-04-20T17:31:48 IST" duration-ms="3738" status="PASS">
          <reporter-output>
          </reporter-output>
        </test-method> <!-- DeeletedataRestMethod -->
        <test-method signature="PostmethodApiChaining()[pri:0, instance:com.util.RestAssuredClass@34f7cfd9]" started-at="2022-04-20T17:31:48 IST" name="PostmethodApiChaining" finished-at="2022-04-20T17:31:54 IST" duration-ms="5492" status="PASS">
          <reporter-output>
          </reporter-output>
        </test-method> <!-- PostmethodApiChaining -->
        <test-method signature="PutmethodRestMethod()[pri:0, instance:com.util.RestAssuredClass@34f7cfd9]" started-at="2022-04-20T17:31:54 IST" name="PutmethodRestMethod" finished-at="2022-04-20T17:31:56 IST" duration-ms="1731" status="PASS">
          <reporter-output>
          </reporter-output>
        </test-method> <!-- PutmethodRestMethod -->
        <test-method signature="SerializationMethod()[pri:0, instance:com.util.RestAssuredClass@34f7cfd9]" started-at="2022-04-20T17:31:56 IST" name="SerializationMethod" finished-at="2022-04-20T17:31:56 IST" duration-ms="601" status="PASS">
          <reporter-output>
          </reporter-output>
        </test-method> <!-- SerializationMethod -->
        <test-method signature="SerializationMethod2()[pri:0, instance:com.util.RestAssuredClass@34f7cfd9]" started-at="2022-04-20T17:31:56 IST" name="SerializationMethod2" finished-at="2022-04-20T17:31:57 IST" duration-ms="421" status="PASS">
          <reporter-output>
          </reporter-output>
        </test-method> <!-- SerializationMethod2 -->
        <test-method signature="firstRestMethod()[pri:0, instance:com.util.RestAssuredClass@34f7cfd9]" started-at="2022-04-20T17:31:57 IST" name="firstRestMethod" finished-at="2022-04-20T17:31:57 IST" duration-ms="156" status="PASS">
          <reporter-output>
          </reporter-output>
        </test-method> <!-- firstRestMethod -->
        <test-method signature="secondRestMethod()[pri:0, instance:com.util.RestAssuredClass@34f7cfd9]" started-at="2022-04-20T17:31:57 IST" name="secondRestMethod" finished-at="2022-04-20T17:31:57 IST" duration-ms="185" status="PASS">
          <reporter-output>
          </reporter-output>
        </test-method> <!-- secondRestMethod -->
        <test-method signature="thridRestMethod()[pri:0, instance:com.util.RestAssuredClass@34f7cfd9]" started-at="2022-04-20T17:31:57 IST" name="thridRestMethod" finished-at="2022-04-20T17:31:57 IST" duration-ms="204" status="PASS">
          <reporter-output>
          </reporter-output>
        </test-method> <!-- thridRestMethod -->
      </class> <!-- com.util.RestAssuredClass -->
    </test> <!-- Default test -->
  </suite> <!-- Default suite -->
</testng-results>
